Starting OrangeFox Recovery 25.03.28 [G8, core: R11.1] (built on Fri Mar 28 11:07:13 2025 for alphalm [dev_ver: 2025-02-19 (e35077e2)]; pid 570)
libc: Unable to set property "ro.product.device" to "alphalm": error code: 0xb
TW_NO_USB_STORAGE := true
TW_HAS_EDL_MODE := true
TW_INCLUDE_CRYPTO := true
I:TW_BRIGHTNESS_PATH := /sys/devices/platform/soc/ae00000.qcom,mdss_mdp/backlight/panel0-backlight/brightness
I:Found brightness file at '/sys/devices/platform/soc/ae00000.qcom,mdss_mdp/backlight/panel0-backlight/brightness'
I:TWFunc::Set_Brightness: Setting brightness control to 155
I:TW_EXCLUDE_ENCRYPTED_BACKUPS := true
I:LANG: zh_CN
I:AB_OTA_UPDATER := true
I:Startup Commands: 
=> Linking mtab
=> Processing /etc/recovery.fstab
I:Reading /etc/twrp.flags
I:Reading /etc/recovery.fstab
I:Processing '/'
I:Created '/system_root' folder.
I:Unhandled flag: 'avb'
I:Processing '/data'
I:Processing '/sdcard'
I:Processing '/metadata'
I:Processing '/misc'
I:Processing '/vendor/firmware_mnt'
I:Created '/vendor/firmware_mnt' folder.
I:Processing '/ftm'
I:Processing '/mnt/vendor/persist-lg'
I:Created '/mnt/vendor/persist-lg' folder.
I:Processing '/mnt/product/persist-lg'
I:Created '/mnt/product/persist-lg' folder.
I:Processing '/mnt/product/els'
I:Created '/mnt/product/els' folder.
I:Processing '/mnt/product/quality'
I:Created '/mnt/product/quality' folder.
I:Processing '/mnt/product/eri'
I:Created '/mnt/product/eri' folder.
I:Processing '/mnt/product/carrier'
I:Created '/mnt/product/carrier' folder.
I:Processing '/mnt/vendor/absolute'
I:Created '/mnt/vendor/absolute' folder.
I:Processing '/product/OP'
Can not create '/product/OP' folder (No such file or directory).
I:Processing remaining twrp.flags
I:Processing '/boot'
I:Processing '/cache'
I:Created '/cache' folder.
I:Processing '/dtbo'
I:Processing '/efs'
I:Processing '/fsc'
I:Processing '/fsg'
I:Processing '/mnt/product/carrier'
I:Processing '/mnt/product/els'
I:Processing '/mnt/product/eri'
I:Processing '/mnt/product/persist-lg'
I:Processing '/mnt/product/quality'
I:Processing '/mnt/vendor/absolute'
I:Processing '/mnt/vendor/persist-lg'
I:Processing '/modem'
I:Processing '/modemst1'
I:Processing '/modemst2'
I:Processing '/persist'
I:Created '/persist' folder.
I:Unable to mount '/persist'
I:Actual block device: '', current file system: 'ext4'
I:Processing '/persist_image'
I:Processing '/usb_otg'
I:Created '/usb_otg' folder.
I:Processing '/vbmeta'
I:GetFstabPath: /odm/etc/fstab.default
I:GetFstabPath: /vendor/etc/fstab.default
I:GetFstabPath: /system/etc/fstab.default
I:GetFstabPath: /first_stage_ramdisk/system/etc/fstab.default
I:GetFstabPath: /fstab.default
I:GetFstabPath: /first_stage_ramdisk/fstab.default
I:GetFstabPath: /odm/etc/fstab.alphalm
I:GetFstabPath: /vendor/etc/fstab.alphalm
I:GetFstabPath: /system/etc/fstab.alphalm
I:Fstab: /system/etc/fstab.alphalm
I:Reading /etc/additional.fstab
I:Processing '/data'
I:Done processing fstab files
I:Property ro.boot.product.vendor.sku not found, trying to get vintf manifest file name from ro.board.platform
I:Separate manifest doesn't exist for 'android.hardware.keymaster'
I:/vendor/etc/vintf/manifest_msmnile.xml not found. Using default path for manifest.xml
I:PageManager::LoadFileToBuffer loading filename: '/vendor/etc/vintf/manifest.xml' directly
I:Looking for 'android.hardware.keymaster' service in manifest
I:Found version in manifest: 4.0
I:Keymaster_Ver::Using keymaster version '4.x' for decryption
Starting the UI...
Skipping adf graphics -- not present in build tree
width: 1440, height: 3120
setting DRM_FORMAT_XBGR8888 and GGL_PIXEL_FORMAT_RGBA_8888
setting DRM_FORMAT_XBGR8888 and GGL_PIXEL_FORMAT_RGBA_8888
number of lms in topology 2
Atomic Commit succeedUsing drm graphics.
I:TWFunc::Set_Brightness: Setting brightness control to 155
TW_SCREEN_BLANK_ON_BOOT := true
I:TWFunc::Set_Brightness: Setting brightness control to 0
Atomic Commit succeedAtomic Commit succeedI:TWFunc::Set_Brightness: Setting brightness control to 155
I:Loading package: splash (/twres/splash.xml)
I:Load XML directly
I:PageManager::LoadFileToBuffer loading filename: '/twres/splash.xml' directly
I:Checking resolution...
I:Scaling theme width 1.333333x and height 1.333333x, offsets x: 0 y: 0 w: 0 h: 0
I:Loading resources...
I:Loading variables...
I:Loading mouse cursor...
I:Loading pages...
I:Loading page splash
I:Switching packages (splash)
I:Failed to mount '/cache' (Invalid argument)
I:Actual block device: '', current file system: 'ext4'
I:Unable to mount '/data'
I:Actual block device: '', current file system: 'ext4'
E:Primary block device '/dev/block/bootdevice/by-name/userdata' for mount point '/data' is not present!
I:Created '/and-sec' folder.
I:Creating Android Secure: /sdcard/.android_secure
I:Unable to mount '/sdcard'
I:Actual block device: '', current file system: 'vfat'
Unable to recreate and-sec folder.
I:Unable to mount '/sdcard'
I:Actual block device: '', current file system: 'vfat'
I:Unable to mount '/sdcard'
I:Actual block device: '', current file system: 'vfat'
I:Unable to mount '/sdcard'
I:Actual block device: '', current file system: 'vfat'
I:Unable to mount '/sdcard'
I:Actual block device: '', current file system: 'vfat'
I:Unable to mount '/sdcard'
I:Actual block device: '', current file system: 'vfat'
I:Unable to mount '/sdcard'
I:Actual block device: '', current file system: 'vfat'
I:Unable to mount '/sdcard'
I:Actual block device: '', current file system: 'vfat'
I:Backup folder set to '/sdcard/Fox/BACKUPS/LMG820EMW62f06589'
I:Settings storage is '/sdcard'
I:Failed to mount '/system_root' (Invalid argument)
I:Actual block device: '', current file system: 'ext4'
I:Failed to mount '/system_root' (Invalid argument)
I:Actual block device: '', current file system: 'ext4'
I:Unable to mount '/data'
I:Actual block device: '', current file system: 'ext4'
E:Cannot decrypt adopted storage because /data will not mount
Updating partition details...
I:Can't probe device /dev/block/sdg1
I:Unable to mount '/usb_otg'
I:Actual block device: '/dev/block/sdg1', current file system: 'vfat'
...done
I:Unable to mount '/sdcard'
I:Actual block device: '', current file system: 'vfat'
Unable to mount storage
I:Unmounting main partitions...
I:Loading package: OrangeFox (/twres/ui.xml)
I:Load XML directly
I:PageManager::LoadFileToBuffer loading filename: '/twres/languages/ua.xml' directly
I:PageManager::LoadFileToBuffer loading filename: '/twres/languages/tr.xml' directly
I:PageManager::LoadFileToBuffer loading filename: '/twres/languages/ru.xml' directly
I:PageManager::LoadFileToBuffer loading filename: '/twres/languages/ro.xml' directly
I:PageManager::LoadFileToBuffer loading filename: '/twres/languages/pt_PT.xml' directly
I:PageManager::LoadFileToBuffer loading filename: '/twres/languages/pl.xml' directly
I:PageManager::LoadFileToBuffer loading filename: '/twres/languages/it.xml' directly
I:PageManager::LoadFileToBuffer loading filename: '/twres/languages/id.xml' directly
I:PageManager::LoadFileToBuffer loading filename: '/twres/languages/fr.xml' directly
I:PageManager::LoadFileToBuffer loading filename: '/twres/languages/en.xml' directly
I:PageManager::LoadFileToBuffer loading filename: '/twres/languages/el.xml' directly
I:PageManager::LoadFileToBuffer loading filename: '/twres/languages/de.xml' directly
I:PageManager::LoadFileToBuffer loading filename: '/twres/languages/cs.xml' directly
I:PageManager::LoadFileToBuffer loading filename: '/twres/languages/en.xml' directly
parsing languageFile
parsing languageFile done
I:PageManager::LoadFileToBuffer loading filename: '/twres/ui.xml' directly
I:Checking resolution...
I:Scaling theme width 1.333333x and height 1.333333x, offsets x: 0 y: 0 w: 0 h: 0
I:Loading resources...
I:Loading variables...
I:Loading mouse cursor...
I:Loading pages...
I:Including file: /sdcard/Fox//.navbar/navbar.xml...
I:PageManager::LoadFileToBuffer loading filename: '/sdcard/Fox//.navbar/navbar.xml' directly
I:PageManager::LoadFileToBuffer loading filename: '/twres/themes/navbar.xml' directly
I:Loading resources...
I:Loading variables...
I:Loading mouse cursor...
I:Loading pages...
I:Including file: /sdcard/Fox//.theme/font.xml...
I:PageManager::LoadFileToBuffer loading filename: '/sdcard/Fox//.theme/font.xml' directly
I:PageManager::LoadFileToBuffer loading filename: '/twres/themes/font.xml' directly
I:Loading resources...
I:Loading variables...
I:Loading mouse cursor...
I:Loading pages...
I:Including file: /sdcard/Fox//.theme/style.xml...
I:PageManager::LoadFileToBuffer loading filename: '/sdcard/Fox//.theme/style.xml' directly
I:PageManager::LoadFileToBuffer loading filename: '/twres/themes/style.xml' directly
I:Loading resources...
I:Failed to load image from Default/Progress/indeterminate033, error -1
I:Loading variables...
I:Loading mouse cursor...
I:Loading pages...
I:Including file: /sdcard/Fox//.theme/accent.xml...
I:PageManager::LoadFileToBuffer loading filename: '/sdcard/Fox//.theme/accent.xml' directly
I:PageManager::LoadFileToBuffer loading filename: '/twres/themes/accent.xml' directly
I:Loading resources...
I:Loading variables...
I:Loading mouse cursor...
I:Loading pages...
I:Including file: /sdcard/Fox//.theme/action.xml...
I:PageManager::LoadFileToBuffer loading filename: '/sdcard/Fox//.theme/action.xml' directly
I:PageManager::LoadFileToBuffer loading filename: '/twres/themes/action.xml' directly
I:Loading resources...
I:Loading variables...
I:Loading mouse cursor...
I:Loading pages...
I:Including file: /twres/resources/images.xml...
I:PageManager::LoadFileToBuffer loading filename: '/twres/resources/images.xml' directly
I:Loading resources...
I:Loading variables...
I:Loading mouse cursor...
I:Loading pages...
I:Including file: /twres/resources/vars.xml...
I:PageManager::LoadFileToBuffer loading filename: '/twres/resources/vars.xml' directly
I:Loading resources...
I:Loading variables...
I:Loading mouse cursor...
I:Loading pages...
I:Including file: /twres/resources/styles.xml...
I:PageManager::LoadFileToBuffer loading filename: '/twres/resources/styles.xml' directly
I:Loading resources...
I:Loading variables...
I:Loading mouse cursor...
I:Loading pages...
I:Including file: /twres/pages/templates/base.xml...
I:PageManager::LoadFileToBuffer loading filename: '/twres/pages/templates/base.xml' directly
I:Loading resources...
I:Loading variables...
I:Loading mouse cursor...
I:Loading pages...
I:Including file: /twres/pages/templates/keyboard.xml...
I:PageManager::LoadFileToBuffer loading filename: '/twres/pages/templates/keyboard.xml' directly
I:Loading resources...
I:Loading variables...
I:Loading mouse cursor...
I:Loading pages...
I:Including file: /twres/pages/templates/navbar.xml...
I:PageManager::LoadFileToBuffer loading filename: '/twres/pages/templates/navbar.xml' directly
I:Loading resources...
I:Loading variables...
I:Loading mouse cursor...
I:Loading pages...
I:Including file: /twres/pages/templates/statusbar.xml...
I:PageManager::LoadFileToBuffer loading filename: '/twres/pages/templates/statusbar.xml' directly
I:Loading resources...
I:Loading variables...
I:Loading mouse cursor...
I:Loading pages...
I:Including file: /twres/pages/templates/templates.xml...
I:PageManager::LoadFileToBuffer loading filename: '/twres/pages/templates/templates.xml' directly
I:Loading resources...
I:Loading variables...
I:Loading mouse cursor...
I:Loading pages...
I:Including file: /twres/pages/main.xml...
I:PageManager::LoadFileToBuffer loading filename: '/twres/pages/main.xml' directly
I:Loading resources...
I:Loading variables...
I:Loading mouse cursor...
I:Loading pages...
I:Loading page main
I:Loading page navbar
I:Loading page welcome
I:Loading page aroma_busy
I:Loading page fastboot
I:Including file: /twres/pages/pass.xml...
I:PageManager::LoadFileToBuffer loading filename: '/twres/pages/pass.xml' directly
I:Loading resources...
I:Loading variables...
I:Loading mouse cursor...
I:Loading pages...
I:Loading page password_enter
I:Loading page password_enter_num
I:Loading page password_enter_pattern
I:Loading page password_check
I:Loading page pass_pattern
I:Loading page pass_pattern_2
I:Loading page pass_text
I:Loading page pass_text_2
I:Loading page pass_pin
I:Loading page pass_pin_2
I:Loading page pass_remove
I:Loading page pass_check
I:Including file: /twres/pages/install.xml...
I:PageManager::LoadFileToBuffer loading filename: '/twres/pages/install.xml' directly
I:Loading resources...
I:Loading variables...
I:Loading mouse cursor...
I:Loading pages...
I:Loading page flash_confirm
I:Loading page fox_modules_confirm
I:Loading page queueview
I:Loading page flash_image_confirm
I:Loading page flash_image_ab
I:Loading page add_zip
I:Loading page flash_zip
I:Loading page flash_image
I:Loading page flash_done
I:Loading page flash_sleep_and_reboot
I:Loading page flash_image_done
I:Including file: /twres/pages/wipe.xml...
I:PageManager::LoadFileToBuffer loading filename: '/twres/pages/wipe.xml' directly
I:Loading resources...
I:Loading variables...
I:Loading mouse cursor...
I:Loading pages...
I:Loading page wipe
I:Loading page formatdata
I:Loading page formatdata_confirm
I:Loading page wipe_confirm_action
I:Loading page wipe_action_page
I:Loading page wipe_action_complete
I:Loading page checkpartitionlist
I:Loading page partitionoptions
I:Loading page refreshfilesystem
I:Loading page selectfilesystem
I:Loading page part_options
I:Including file: /twres/pages/backup.xml...
I:PageManager::LoadFileToBuffer loading filename: '/twres/pages/backup.xml' directly
I:Loading resources...
I:Loading variables...
I:Loading mouse cursor...
I:Loading pages...
I:Loading page backup
I:Loading page check_storage_back
I:Loading page backup_prep
I:Loading page backupname
I:Loading page backupname_auto
I:Loading page backup_encryption
I:Loading page backup_encryption2
I:Loading page checkbackuppassword
I:Loading page checkbackuppassword2
I:Loading page backup_run
I:Loading page backup_digest
I:Loading page backup_action_complete
I:Including file: /twres/pages/restore.xml...
I:PageManager::LoadFileToBuffer loading filename: '/twres/pages/restore.xml' directly
I:Loading resources...
I:Loading variables...
I:Loading mouse cursor...
I:Loading pages...
I:Loading page restore
I:Loading page restore_prep
I:Loading page restore_read
I:Loading page restore_decrypt
I:Loading page try_restore_decrypt
I:Loading page restore_select
I:Loading page renamebackup
I:Loading page deletebackup
I:Loading page restore_run
I:Loading page restore_confirm_action
I:Loading page restore_action_page
I:Loading page restore_action_complete
I:Including file: /twres/pages/mount.xml...
I:PageManager::LoadFileToBuffer loading filename: '/twres/pages/mount.xml' directly
I:Loading resources...
I:Loading variables...
I:Loading mouse cursor...
I:Loading pages...
I:Loading page mount
I:Loading page usb_mount
I:Loading page system_readonly_check
I:Loading page system_readonly
I:Loading page system_readonly_mount
I:Loading page decrypt
I:Loading page decrypt_pin
I:Loading page decrypt_pattern
I:Loading page decrypt_redirect
I:Loading page trydecrypt
I:Loading page reapply_settings
I:Loading page decrypt_users
I:Loading page decrypt_users2
I:Including file: /twres/pages/files.xml...
I:PageManager::LoadFileToBuffer loading filename: '/twres/pages/files.xml' directly
I:Loading resources...
I:Loading variables...
I:Loading mouse cursor...
I:Loading pages...
I:Loading page filemanagerlist
I:Loading page file_quick_actions
I:Loading page file_quick_actions_dark
I:Loading page select_path
I:Loading page select_path_dark
I:Loading page files_mkdir
I:Loading page fm_multiselection
I:Loading page fm_ms_actions
I:Loading page file_search
I:Loading page file_dark_search
I:Loading page files_redirect
I:Loading page files_bookmarks_prepare
I:Loading page files_bookmarks
I:Loading page filemanageroptions
I:Loading page openas
I:Loading page fm_file_checksum
I:Loading page fm_file_checksum_calc
I:Loading page fm_file_info
I:Loading page choosedestinationfolder
I:Loading page filemanagerrenamefile
I:Loading page filemanagerrenamefolder
I:Loading page filemanagerchmod
I:Loading page filemanagerchmod_key
I:Loading page filemanagerconfirm
I:Loading page archive_confirm
I:Loading page archive_cmd
I:Loading page filemanageraction
I:Loading page filemanagercomplete
I:Loading page cat_file
I:Including file: /twres/pages/magisk.xml...
I:PageManager::LoadFileToBuffer loading filename: '/twres/pages/magisk.xml' directly
I:Loading resources...
I:Loading variables...
I:Loading mouse cursor...
I:Loading pages...
I:Loading page magisk_mount
I:Loading page magisk
I:Unable to open '/data/adb/modules'
I:Unable to open '/data/adb/modules'
I:Loading page magisk_actions
I:Loading page magisk_delete
I:Including file: /twres/pages/advanced.xml...
I:PageManager::LoadFileToBuffer loading filename: '/twres/pages/advanced.xml' directly
I:Loading resources...
I:Loading variables...
I:Loading mouse cursor...
I:Loading pages...
I:Loading page advanced
I:Loading page mod_survival
I:Loading page mod_magisk
I:Loading page mod_unmagisk
I:Loading page mod_reset
I:Loading page mod_pass
I:Loading page fox_modules
I:Loading page partsdcard
I:Loading page terminal
I:Loading page sideload
I:Loading page fixcontexts
I:Loading page apps_load
I:Loading page apps_list
I:Unable to open '/tmp/listapps/list'
I:Unable to open '/tmp/listapps/list'
I:Including file: /twres/pages/reboot.xml...
I:PageManager::LoadFileToBuffer loading filename: '/twres/pages/reboot.xml' directly
I:Loading resources...
I:Loading variables...
I:Loading mouse cursor...
I:Loading pages...
I:Loading page reboot
I:Loading page set_slot
I:Including file: /twres/pages/settings.xml...
I:PageManager::LoadFileToBuffer loading filename: '/twres/pages/settings.xml' directly
I:Loading resources...
I:Loading variables...
I:Loading mouse cursor...
I:Loading pages...
I:Loading page settings
I:Loading page ext_context
I:Loading page ext_general
I:Loading page pass_select
I:Loading page ext_screen
I:Loading page ext_vibrate
I:Loading page ext_backup
I:Loading page ext_time
I:Loading page ext_time_offset
I:Loading page check_zone
I:Loading page ext_time_lang
I:Loading page ext_time_lang_busy
I:Loading page about
I:Loading page about_credits
I:Parsing file: /twres/credits.txt
I:Parsing file: /twres/translators.txt
I:Parsing file: /twres/changelog.txt
I:Loading page ext_gov
I:Loading page ext_backup_quick
I:Including file: /twres/pages/universal.xml...
I:PageManager::LoadFileToBuffer loading filename: '/twres/pages/universal.xml' directly
I:Loading resources...
I:Loading variables...
I:Loading mouse cursor...
I:Loading pages...
I:Loading page filecheck
I:Loading page rebootcheck
I:Loading page rebootcheckoverlay
I:Loading page no_os_warning
I:Loading page clear_vars
I:Loading page confirm_action
I:Loading page action_page
I:Loading page ota_simple
I:Loading page singleaction_page
I:Loading page action_complete
I:Including file: /twres/pages/anywhere.xml...
I:PageManager::LoadFileToBuffer loading filename: '/twres/pages/anywhere.xml' directly
I:Loading resources...
I:Loading variables...
I:Loading mouse cursor...
I:Loading pages...
I:Loading page lock
I:Loading page console
I:Including file: /twres/pages/dialogs.xml...
I:PageManager::LoadFileToBuffer loading filename: '/twres/pages/dialogs.xml' directly
I:Loading resources...
I:Loading variables...
I:Loading mouse cursor...
I:Loading pages...
I:Loading page menu
I:Loading page menu_sort
I:Loading page fm_sort
I:Loading page dialog_magisk_not_found
I:Loading page dialog_reset_average
I:Loading page dialog_lost_info
I:Loading page dialog_app
I:Loading page dialog_error_partition
I:Loading page pass_error
I:Including file: /twres/pages/customization.xml...
I:PageManager::LoadFileToBuffer loading filename: '/twres/pages/customization.xml' directly
I:Loading resources...
I:Loading variables...
I:Loading mouse cursor...
I:Loading pages...
I:Loading page ext_custom_reset
I:Loading page ext_custom_gest
I:Loading page ext_custom
I:Loading page ext_custom_status
I:Loading page ext_custom_key
I:Loading page ext_custom_lock
I:Loading page ext_custom_nav
I:Loading page ext_custom_other
I:Loading page ext_custom_nav_error
I:Loading page ext_custom_nav_no_switch
I:Loading page ext_custom_fonts_check
I:Loading page ext_custom_fonts
I:Loading page ext_custom_fonts_sec
I:Loading page ext_custom_fonts_size
I:Loading page ext_custom_fonts_cn
I:Loading page ext_custom_theme
I:Loading page ext_custom_splash
I:Loading page ext_custom_splash_color
I:Loading page ext_custom_splash_logo
I:Loading page ext_custom_splash_select
I:Loading page apply_changes
I:Loading page apply_splash
I:Including file: /twres/pages/fox.xml...
I:PageManager::LoadFileToBuffer loading filename: '/twres/pages/fox.xml' directly
I:Loading resources...
I:Loading variables...
I:Loading mouse cursor...
I:Loading pages...
I:Loading page fox_ota
I:Loading page fox_ota_lite
I:Loading page fox_lab
I:Loading page debug_pages
I:Loading page debug
I:Loading page debug_plus
I:Loading page scaling
I:Including file: /sbin/maintainer.xml...
I:PageManager::LoadFileToBuffer loading filename: '/sbin/maintainer.xml' directly
I:PageManager::LoadFileToBuffer loading filename: '/twres/pages/dummy.xml' directly
I:Loading resources...
I:Loading variables...
I:Loading mouse cursor...
I:Loading pages...
I:Loading page maintainer
I:Switching packages (OrangeFox)
I:failed to open /dev/block/bootdevice/by-name/misc: No such file or directory
ro.boot.memcg=1
ro.boot.vendor.lge.hw.cable=400MA
ro.boot.vendor.lge.hw.subrev=subrev_2
ro.boot.vendor.lge.hw.revision=rev_10
ro.boot.vendor.lge.hw.sub3_rev=TDD_SAWLESS
ro.boot.vendor.lge.id=0
ro.boot.vendor.lge.dtv=0
ro.boot.vendor.lge.nfc.vendor=nxp
ro.boot.vendor.lge.wmc=0
ro.boot.vendor.lge.dsds=dsds
ro.boot.vendor.lge.gyro=1
ro.boot.vendor.lge.plmn=OPEN_US
ro.boot.vendor.lge.hydra=Prime
ro.boot.vendor.lge.model.name=LM-G820EMW
ro.boot.vendor.lge.battid=92320
ro.boot.vendor.lge.secure=false
ro.boot.vendor.lge.fmradio=1
ro.boot.vendor.lge.product.name=alphalm_lao_com.USC_US
ro.boot.vendor.lge.product.model=LM-G820
ro.boot.vendor.lge.sim_num=2
ro.boot.vendor.lge.ddr_info=0x12000701
ro.boot.vendor.lge.official.production.build=1
ro.boot.vendor.lge.capsensor=1
ro.boot.vendor.lge.pon_reason=ON:CBL,OFF:PS_HOLD
ro.boot.vendor.lge.arb_version=0
ro.boot.vendor.lge.sku_carrier=NA_ALL
ro.boot.vendor.lge.fingerprint_sensor=1
ro.boot.dtb_idx=0
ro.boot.product.lge.ddr_size=12776898560
ro.boot.product.lge.hiddenreset=0
ro.boot.product.lge.device_color=BK
ro.boot.product.lge.bootreasoncode=0x0
ro.boot.baseband=msm
ro.boot.dtbo_idx=5
ro.boot.hardware=alphalm
ro.boot.hardware.ufs=WDC
ro.boot.revision=12
ro.boot.keymaster=1
ro.boot.bootdevice=1d84000.ufshc
ro.boot.dlcomplete=0
ro.boot.avb_version=1.2
ro.boot.usbcontroller=a600000.dwc3
ro.boot.verifiedbootstate=orange
ro.baseband=msm
ro.bootmode=unknown
ro.hardware=alphalm
ro.revision=12
ro.bootloader=unknown
ro.boottime.adbd=1839120051
ro.boottime.init=1573057603
ro.boottime.init.selinux=44887084
ro.boottime.init.first_stage=39074791
ro.boottime.init.cold_boot_wait=148
ro.boottime.ueventd=1675541873
ro.boottime.recovery=1837169634
ro.boottime.keystore2=1832097967
ro.boottime.servicemanager=1829171248
ro.boottime.hwservicemanager=1827670780
ro.boottime.vndservicemanager=1830619373
ro.product.bootimage.name=twrp_alphalm
ro.product.bootimage.brand=lge
ro.product.bootimage.model=LM-G820
ro.product.bootimage.device=alphalm
ro.product.bootimage.manufacturer=lge
ro.bootimage.build.id=SP2A.220405.004
ro.bootimage.build.date=Fri Mar 28 18:56:40 CST 2025
ro.bootimage.build.date.utc=1743159400
ro.bootimage.build.tags=test-keys
ro.bootimage.build.type=eng
ro.bootimage.build.version.sdk=32
ro.bootimage.build.version.release=12
ro.bootimage.build.version.incremental=eng.ricefi.20250328.185733
ro.bootimage.build.version.release_or_codename=16.1.0
ro.bootimage.build.fingerprint=lge/twrp_alphalm/alphalm:16.1.0/SP2A.220405.004/ricefish03281856:eng/test-keys
ro.odm.build.date=Fri Mar 28 18:56:40 CST 2025
ro.odm.build.date.utc=1743159400
ro.odm.build.version.incremental=eng.ricefi.20250328.185733
ro.odm.build.fingerprint=lge/fox_alphalm/alphalm:16.1.0/SP2A.220405.004/ricefish03281856:eng/test-keys
ro.product.odm.name=fox_alphalm
ro.product.odm.brand=lge
ro.product.odm.model=LM-G820
ro.product.odm.device=alphalm
ro.product.odm.manufacturer=lge
ro.build.id=SP2A.220405.004
ro.build.date=Fri Mar 28 18:56:40 CST 2025
ro.build.date.utc=1546300800
ro.build.host=RICEFISH-KALI
ro.build.tags=test-keys
ro.build.type=eng
ro.build.user=ricefish
ro.build.flavor=fox_alphalm-eng
ro.build.display.id=fox_alphalm-eng 16.1.0 SP2A.220405.004 eng.ricefi.20250328.185733 test-keys
ro.build.product=alphalm
ro.build.version.sdk=32
ro.build.version.base_os=
ro.build.version.release=12
ro.build.version.codename=REL
ro.build.version.incremental=eng.ricefi.20250328.185733
ro.build.version.preview_sdk=0
ro.build.version.all_codenames=REL
ro.build.version.security_patch=2099-12-31
ro.build.version.release_or_codename=16.1.0
ro.build.version.preview_sdk_fingerprint=REL
ro.build.version.min_supported_target_sdk=23
ro.build.description=fox_alphalm-eng 16.1.0 SP2A.220405.004 eng.ricefi.20250328.185733 test-keys
ro.build.characteristics=default
ro.build.system_root_image=true
ro.secure=0
ro.system.build.id=SP2A.220405.004
ro.system.build.date=Fri Mar 28 18:56:40 CST 2025
ro.system.build.date.utc=1743159400
ro.system.build.tags=test-keys
ro.system.build.type=eng
ro.system.build.version.sdk=32
ro.system.build.version.release=12
ro.system.build.version.incremental=eng.ricefi.20250328.185733
ro.system.build.version.release_or_codename=16.1.0
ro.system.build.fingerprint=lge/fox_alphalm/alphalm:16.1.0/SP2A.220405.004/ricefish03281856:eng/test-keys
ro.treble.enabled=true
ro.product.cpu.abi=arm64-v8a
ro.product.cpu.abilist=arm64-v8a
ro.product.cpu.abilist32=
ro.product.cpu.abilist64=arm64-v8a
ro.product.name=fox_alphalm
ro.product.brand=lge
ro.product.model=LM-G820
ro.product.device=alphalm
ro.product.system.name=fox_alphalm
ro.product.system.brand=lge
ro.product.system.model=LM-G820
ro.product.system.device=alphalm
ro.product.system.manufacturer=lge
ro.product.system_ext.name=fox_alphalm
ro.product.system_ext.brand=lge
ro.product.system_ext.model=LM-G820
ro.product.system_ext.device=alphalm
ro.product.system_ext.manufacturer=lge
ro.product.manufacturer=lge
ro.debuggable=1
ro.system_ext.build.id=SP2A.220405.004
ro.system_ext.build.date=Fri Mar 28 18:56:40 CST 2025
ro.system_ext.build.date.utc=1743159400
ro.system_ext.build.tags=test-keys
ro.system_ext.build.type=eng
ro.system_ext.build.version.sdk=32
ro.system_ext.build.version.release=12
ro.system_ext.build.version.incremental=eng.ricefi.20250328.185733
ro.system_ext.build.version.release_or_codename=16.1.0
ro.system_ext.build.fingerprint=lge/fox_alphalm/alphalm:16.1.0/SP2A.220405.004/ricefish03281856:eng/test-keys
ro.actionable_compatible_property.enabled=true
ro.vendor.build.id=SP2A.220405.004
ro.vendor.build.date=Fri Mar 28 18:56:40 CST 2025
ro.vendor.build.date.utc=1743159400
ro.vendor.build.tags=test-keys
ro.vendor.build.type=eng
ro.vendor.build.version.sdk=32
ro.vendor.build.version.release=12
ro.vendor.build.version.incremental=eng.ricefi.20250328.185733
ro.vendor.build.version.release_or_codename=16.1.0
ro.vendor.build.fingerprint=lge/fox_alphalm/alphalm:16.1.0/SP2A.220405.004/ricefish03281856:eng/test-keys
ro.vendor.product.cpu.abilist=arm64-v8a
ro.vendor.product.cpu.abilist32=
ro.vendor.product.cpu.abilist64=arm64-v8a
ro.product.board=msmnile
ro.product.vendor.name=fox_alphalm
ro.product.vendor.brand=lge
ro.product.vendor.model=LM-G820
ro.product.vendor.device=alphalm
ro.product.vendor.manufacturer=lge
ro.product.first_api_level=28
ro.cold_boot_done=true
ro.bionic.arch=arm64
ro.bionic.2nd_arch=arm
ro.bionic.cpu_variant=generic
ro.bionic.2nd_cpu_variant=cortex-a9
ro.dalvik.vm.native.bridge=0
ro.zygote=zygote64
dalvik.vm.isa.arm.variant=cortex-a9
dalvik.vm.isa.arm.features=default
dalvik.vm.isa.arm64.variant=generic
dalvik.vm.isa.arm64.features=default
dalvik.vm.dexopt.secondary=true
dalvik.vm.dexopt.thermal-cutoff=2
dalvik.vm.usejit=true
dalvik.vm.madvise.artfile.size=4294967295
dalvik.vm.madvise.odexfile.size=104857600
dalvik.vm.madvise.vdexfile.size=104857600
dalvik.vm.lockprof.threshold=500
dalvik.vm.dex2oat-Xms=64m
dalvik.vm.dex2oat-Xmx=512m
dalvik.vm.minidebuginfo=true
dalvik.vm.appimageformat=lz4
dalvik.vm.usejitprofiles=true
dalvik.vm.image-dex2oat-Xms=64m
dalvik.vm.image-dex2oat-Xmx=64m
dalvik.vm.image-dex2oat-filter=extract
dalvik.vm.dex2oat-minidebuginfo=true
dalvik.vm.dex2oat-max-image-block-size=524288
dalvik.vm.dex2oat-resolve-startup-strings=true
dalvik.vm.dex2oat-updatable-bcp-packages-file=/system/etc/updatable-bcp-packages.txt
persist.sys.dalvik.vm.lib.2=libart.so
debug.atrace.tags.enableflags=0
ro.twrp.fastbootd=0
ro.twrp.vendor_boot=true
ro.wifi.channels=
ro.allow.mock.location=1
ro.build.date.utc_fox=1743160033
ro.build.fox_id=2f9de983-ecc1-465b-b2c7-434f4a784984
ro.build.selinux=1
ro.build.fox_codebase=2025-02-19 (e35077e2)
ro.iorapd.enable=true
ro.kernel.android.checkjni=1
ro.kernel.version=4.14
ro.system.product.cpu.abilist=arm64-v8a
ro.system.product.cpu.abilist32=
ro.system.product.cpu.abilist64=arm64-v8a
ro.bootimage.build.date.utc_fox=1743160033
ro.orangefox.boot=1
ro.orangefox.boot.header.version=2
ro.orangefox.type=Unofficial
ro.orangefox.build=orangefox
ro.orangefox.release.version=25.03.28
ro.orangefox.variant=G8
ro.orangefox.virtual_ab=1
ro.postinstall.fstab.prefix=/system
fstab.additional=1
orangefox.super.partition=false
orangefox.crash_counter=0
keymaster_ver=4.x
tw_boot_header_version=2
ro.boot.product.hardware.sku=dfgn
ro.boot.slot_suffix=_a
ro.boot.fstab_suffix=default
ro.hwui.use_vulkan=
ro.board.platform=msmnile
ro.build.ab_update=true
pm.dexopt.ab-ota=speed-profile
pm.dexopt.shared=speed
pm.dexopt.cmdline=verify
pm.dexopt.install=speed-profile
pm.dexopt.inactive=verify
pm.dexopt.bg-dexopt=speed-profile
pm.dexopt.first-boot=extract
pm.dexopt.install-bulk=speed-profile
pm.dexopt.install-fast=skip
pm.dexopt.install-bulk-secondary=verify
pm.dexopt.install-bulk-downgraded=verify
pm.dexopt.install-bulk-secondary-downgraded=extract
sys.usb.ffs.ready=1
ro.build.fingerprint=lge/fox_alphalm/alphalm:16.1.0/SP2A.220405.004/eng.ricefi.20250328.185733:eng/test-keys
ro.gsid.image_running=0
gsid.image_installed=0
hwservicemanager.ready=true
init.svc.ueventd=running
init.svc.recovery=running
init.svc.keystore2=running
init.svc.servicemanager=running
init.svc.hwservicemanager=running
init.svc.vndservicemanager=running
init.svc.adbd=running
init.svc_debug_pid.adbd=592
init.svc_debug_pid.ueventd=556
init.svc_debug_pid.recovery=570
init.svc_debug_pid.keystore2=569
init.svc_debug_pid.servicemanager=567
init.svc_debug_pid.hwservicemanager=566
init.svc_debug_pid.vndservicemanager=568
keystore.crash_count=0
ro.product.ab_ota_partitions=boot,dtbo,system,vendor,vbmeta,product,odm,system_ext,vendor_boot,vbmeta_system,vbmeta_vendor,system
persist.debug.dalvik.vm.core_platform_api_policy=just-warn
pm.dexopt.post-boot=extract
pm.dexopt.boot-after-ota=extract
ro.property_service.version=2
ro.minui.pixel_format=RGBX_8888
ro.minui.overscan_percent=0
ro.boot.serialno=LMG820EMW62f06589
ro.serialno=LMG820EMW62f06589
service.adb.root=1
ro.sf.lcd_density=563
net.bt.name=Android
persist.sys.usb.config=adb
persist.sys.disable_rescue=true
persist.traced.enable=1
sys.usb.mtp.device_type=3
sys.usb.state=adb
sys.usb.config=adb
sys.usb.configfs=1
sys.usb.controller=a600000.dwc3
ro.odm.build.id=SP2A.220405.004
ro.odm.build.tags=test-keys
ro.odm.build.type=eng
ro.odm.build.version.sdk=32
ro.odm.build.version.release=12
ro.odm.build.version.release_or_codename=16.1.0
ro.odm.product.cpu.abilist=arm64-v8a
ro.odm.product.cpu.abilist32=
ro.odm.product.cpu.abilist64=arm64-v8a
ro.vendor.build.security_patch=2099-12-31
ro.virtual_ab.enabled=true
ro.vndk.version=32

I:Overriding ro.build.date.utc with value: "1546300800"
I:Overriding ro.bootimage.build.date.utc with value: "1546300800"
I:Overriding ro.vendor.build.date.utc with value: "1546300800"
I:Overriding ro.system.build.date.utc with value: "1546300800"
I:Overriding ro.system_ext.build.date.utc with value: "1546300800"
I:Overriding ro.product.build.date.utc with value: "1546300800"
I:Overriding ro.odm.build.date.utc with value: "1546300800"
I:DEBUG: OrangeFox: running the startup script...
FOX_BUILD_DATE=Fri Mar 28 11:07:13 2025
DEBUG: OrangeFox: FOX_DEVICE=alphalm
DEBUG: OrangeFox: FOX_KERNEL=4.14.190-perf+
DEBUG: OrangeFox: SYSTEM_ROOT=1
DEBUG: OrangeFox: PROPER_SAR=1
DEBUG: OrangeFox: FOX_SCRIPT_DATE=20240904
DEBUG: OrangeFox: error - I cannot find the system build.prop
DEBUG: OrangeFox: can't identify the ROM
DEBUG: OrangeFox: check for MIUI.
DEBUG: OrangeFox: Fox properties:
[orangefox.crash_counter]: [0]
[orangefox.postinit.status]: [1]
[orangefox.product.partition]: [0]
[orangefox.super.partition]: [false]
[orangefox.system.block_device]: []
[orangefox.system.mount_point]: [/system_root]
[ro.orangefox.boot]: [1]
[ro.orangefox.boot.header.version]: [2]
[ro.orangefox.build]: [orangefox]
[ro.orangefox.home]: [/sdcard/Fox]
[ro.orangefox.kernel]: [4.14.190-perf+]
[ro.orangefox.release.version]: [25.03.28]
[ro.orangefox.sar]: [1]
[ro.orangefox.type]: [Unofficial]
[ro.orangefox.variant]: [G8]
[ro.orangefox.virtual_ab]: [1]
I:Process ended with no errors.
I:Failed to mount '/system_root' (Invalid argument)
I:Actual block device: '', current file system: 'ext4'
I:Failed to mount '/system_root' (Invalid argument)
I:Actual block device: '', current file system: 'ext4'
I:Failed to mount '/system_root' (Invalid argument)
I:Actual block device: '', current file system: 'ext4'
I:Failed to mount '/system_root' (Invalid argument)
I:Actual block device: '', current file system: 'ext4'
I:- ROM fingerprint not available
copying '/data/misc/keystore/persistent.sqlite' to '/tmp/misc/keystore/persistent.sqlite'
SELinux contexts loaded from /file_contexts
I:Unable to mount '/cache'
I:Actual block device: '', current file system: 'ext4'
Full SELinux support is present.
I:Unable to mount '/sdcard'
I:Actual block device: '', current file system: 'vfat'
I:Unable to mount settings storage during GUI startup.


Partition Logs:
/system_root |  | Size: 0MB Used: 0MB Free: 0MB Backup Size: 0MB
   Flags: Can_Be_Mounted SlotSelect Mount_Read_Only 
   Primary_Block_Device: /dev/block/bootdevice/by-name/system
   Display_Name: System
   Storage_Name: System
   Backup_Path: /system_root
   Backup_Name: system
   Backup_Display_Name: System
   Storage_Path: /system_root
   Current_File_System: ext4
   Fstab_File_System: ext4
   Backup_Method: files
   Mount_Flags: 0, Mount_Options: barrier=1

/sdcard |  | Size: 0MB Used: 0MB Free: 0MB Backup Size: 0MB
   Flags: Can_Be_Mounted Can_Be_Wiped Can_Be_Backed_Up Wipe_Available_in_GUI Removable Has_Android_Secure Is_Storage 
   Symlink_Path: /sdcard/.android_secure
   Symlink_Mount_Point: /and-sec
   Primary_Block_Device: /dev/block/mmcblk0p1
   Display_Name: sdcard
   Storage_Name: sdcard
   Backup_Path: /and-sec
   Backup_Name: and-sec
   Backup_Display_Name: Android Secure
   Storage_Path: /sdcard
   Current_File_System: vfat
   Fstab_File_System: vfat
   Backup_Method: files
   Mount_Flags: 6, Mount_Options: 
   MTP_Storage_ID: 65537

/metadata |  | Size: 0MB Used: 0MB Free: 0MB Backup Size: 0MB
   Flags: Can_Be_Mounted Can_Be_Wiped Can_Be_Backed_Up Wipe_Available_in_GUI 
   Primary_Block_Device: /dev/block/bootdevice/by-name/metadata
   Display_Name: Metadata
   Storage_Name: Metadata
   Backup_Path: /metadata
   Backup_Name: metadata
   Backup_Display_Name: Metadata
   Storage_Path: /metadata
   Current_File_System: ext4
   Fstab_File_System: ext4
   Backup_Method: files
   Mount_Flags: 1030, Mount_Options: discard

/misc |  | Size: 0MB
   Flags: 
   Primary_Block_Device: /dev/block/bootdevice/by-name/misc
   Display_Name: misc
   Storage_Name: misc
   Backup_Path: /misc
   Backup_Name: misc
   Backup_Display_Name: misc
   Storage_Path: /misc
   Current_File_System: emmc
   Fstab_File_System: emmc
   Backup_Method: dd

/vendor/firmware_mnt |  | Size: 0MB Used: 0MB Free: 0MB Backup Size: 0MB
   Flags: Can_Be_Mounted Can_Be_Wiped SlotSelect Mount_Read_Only 
   Primary_Block_Device: /dev/block/bootdevice/by-name/modem
   Display_Name: vendor/firmware_mnt
   Storage_Name: vendor/firmware_mnt
   Backup_Path: /vendor/firmware_mnt
   Backup_Name: vendor/firmware_mnt
   Backup_Display_Name: vendor/firmware_mnt
   Storage_Path: /vendor/firmware_mnt
   Current_File_System: vfat
   Fstab_File_System: vfat
   Backup_Method: files
   Mount_Flags: 0, Mount_Options: shortname=lower,uid=1000,gid=1000,dmask=227,fmask=337,context=u:object_r:firmware_file:s0

/ftm |  | Size: 0MB
   Flags: Can_Be_Backed_Up Is_SubPartition 
   SubPartition_Of: /efs
   Primary_Block_Device: /dev/block/bootdevice/by-name/ftm
   Display_Name: ftm
   Storage_Name: ftm
   Backup_Path: /ftm
   Backup_Name: ftm
   Backup_Display_Name: ftm
   Storage_Path: /ftm
   Current_File_System: emmc
   Fstab_File_System: emmc
   Backup_Method: dd

/mnt/vendor/persist-lg |  | Size: 0MB Used: 0MB Free: 0MB Backup Size: 0MB
   Flags: Can_Be_Mounted Can_Be_Wiped 
   Primary_Block_Device: /dev/block/bootdevice/by-name/drm
   Display_Name: persist-lg
   Storage_Name: mnt/vendor/persist-lg
   Backup_Path: /mnt/vendor/persist-lg
   Backup_Name: mnt/vendor/persist-lg
   Backup_Display_Name: mnt/vendor/persist-lg
   Storage_Path: /mnt/vendor/persist-lg
   Current_File_System: ext4
   Fstab_File_System: ext4
   Backup_Method: files
   Mount_Flags: 6, Mount_Options: barrier=1,noauto_da_alloc

/mnt/product/persist-lg |  | Size: 0MB Used: 0MB Free: 0MB Backup Size: 0MB
   Flags: Can_Be_Mounted Can_Be_Wiped 
   Primary_Block_Device: /dev/block/bootdevice/by-name/p_persist_lg
   Display_Name: persist-lg
   Storage_Name: mnt/product/persist-lg
   Backup_Path: /mnt/product/persist-lg
   Backup_Name: mnt/product/persist-lg
   Backup_Display_Name: mnt/product/persist-lg
   Storage_Path: /mnt/product/persist-lg
   Current_File_System: ext4
   Fstab_File_System: ext4
   Backup_Method: files
   Mount_Flags: 6, Mount_Options: barrier=1,noauto_da_alloc

/mnt/product/els |  | Size: 0MB Used: 0MB Free: 0MB Backup Size: 0MB
   Flags: Can_Be_Mounted Can_Be_Wiped 
   Primary_Block_Device: /dev/block/bootdevice/by-name/els
   Display_Name: els
   Storage_Name: mnt/product/els
   Backup_Path: /mnt/product/els
   Backup_Name: mnt/product/els
   Backup_Display_Name: mnt/product/els
   Storage_Path: /mnt/product/els
   Current_File_System: ext4
   Fstab_File_System: ext4
   Backup_Method: files
   Mount_Flags: 1030, Mount_Options: barrier=1,noauto_da_alloc

/mnt/product/quality |  | Size: 0MB Used: 0MB Free: 0MB Backup Size: 0MB
   Flags: Can_Be_Mounted Can_Be_Wiped 
   Primary_Block_Device: /dev/block/bootdevice/by-name/operatorlogging
   Display_Name: quality
   Storage_Name: mnt/product/quality
   Backup_Path: /mnt/product/quality
   Backup_Name: mnt/product/quality
   Backup_Display_Name: mnt/product/quality
   Storage_Path: /mnt/product/quality
   Current_File_System: ext4
   Fstab_File_System: ext4
   Backup_Method: files
   Mount_Flags: 1030, Mount_Options: barrier=1,noauto_da_alloc

/mnt/product/eri |  | Size: 0MB Used: 0MB Free: 0MB Backup Size: 0MB
   Flags: Can_Be_Mounted Can_Be_Wiped 
   Primary_Block_Device: /dev/block/bootdevice/by-name/eri
   Display_Name: eri
   Storage_Name: mnt/product/eri
   Backup_Path: /mnt/product/eri
   Backup_Name: mnt/product/eri
   Backup_Display_Name: mnt/product/eri
   Storage_Path: /mnt/product/eri
   Current_File_System: ext4
   Fstab_File_System: ext4
   Backup_Method: files
   Mount_Flags: 1030, Mount_Options: barrier=1,noauto_da_alloc

/mnt/product/carrier |  | Size: 0MB Used: 0MB Free: 0MB Backup Size: 0MB
   Flags: Can_Be_Mounted Can_Be_Wiped 
   Primary_Block_Device: /dev/block/bootdevice/by-name/carrier
   Display_Name: carrier
   Storage_Name: mnt/product/carrier
   Backup_Path: /mnt/product/carrier
   Backup_Name: mnt/product/carrier
   Backup_Display_Name: mnt/product/carrier
   Storage_Path: /mnt/product/carrier
   Current_File_System: ext4
   Fstab_File_System: ext4
   Backup_Method: files
   Mount_Flags: 1030, Mount_Options: barrier=1,noauto_da_alloc

/mnt/vendor/absolute |  | Size: 0MB Used: 0MB Free: 0MB Backup Size: 0MB
   Flags: Can_Be_Mounted Can_Be_Wiped 
   Primary_Block_Device: /dev/block/bootdevice/by-name/persdata
   Display_Name: absolute
   Storage_Name: mnt/vendor/absolute
   Backup_Path: /mnt/vendor/absolute
   Backup_Name: mnt/vendor/absolute
   Backup_Display_Name: mnt/vendor/absolute
   Storage_Path: /mnt/vendor/absolute
   Current_File_System: ext4
   Fstab_File_System: ext4
   Backup_Method: files
   Mount_Flags: 1030, Mount_Options: barrier=1,noauto_da_alloc

/product/OP |  | Size: 0MB Used: 0MB Free: 0MB Backup Size: 0MB
   Flags: Can_Be_Mounted Can_Be_Wiped SlotSelect Mount_Read_Only 
   Primary_Block_Device: /dev/block/bootdevice/by-name/OP
   Display_Name: product/OP
   Storage_Name: product/OP
   Backup_Path: /product/OP
   Backup_Name: product/OP
   Backup_Display_Name: product/OP
   Storage_Path: /product/OP
   Current_File_System: ext4
   Fstab_File_System: ext4
   Backup_Method: files
   Mount_Flags: 1030, Mount_Options: barrier=1,data=ordered,noauto_da_alloc,defcontext=u:object_r:system_file:s0

/boot |  | Size: 0MB
   Flags: Can_Be_Backed_Up Can_Flash_Img SlotSelect 
   Primary_Block_Device: /dev/block/bootdevice/by-name/boot
   Display_Name: Boot
   Storage_Name: Boot
   Backup_Path: /boot
   Backup_Name: boot
   Backup_Display_Name: Boot
   Storage_Path: /boot
   Current_File_System: emmc
   Fstab_File_System: emmc
   Backup_Method: dd

/cache |  | Size: 0MB Used: 0MB Free: 0MB Backup Size: 0MB
   Flags: Can_Be_Mounted Can_Be_Wiped Can_Be_Backed_Up Wipe_During_Factory_Reset Wipe_Available_in_GUI 
   Primary_Block_Device: /dev/block/bootdevice/by-name/cache
   Display_Name: Cache
   Storage_Name: Cache
   Backup_Path: /cache
   Backup_Name: cache
   Backup_Display_Name: Cache
   Storage_Path: /cache
   Current_File_System: ext4
   Fstab_File_System: ext4
   Backup_Method: files

/dtbo |  | Size: 0MB
   Flags: Can_Flash_Img SlotSelect 
   Primary_Block_Device: /dev/block/bootdevice/by-name/dtbo
   Display_Name: DTBO Image
   Storage_Name: DTBO Image
   Backup_Path: /dtbo
   Backup_Name: dtbo
   Backup_Display_Name: DTBO Image
   Storage_Path: /dtbo
   Current_File_System: emmc
   Fstab_File_System: emmc
   Backup_Method: dd

/efs |  | Size: 0MB
   Flags: Can_Be_Backed_Up Has_SubPartition Can_Flash_Img 
   Primary_Block_Device: /dev/block/bootdevice/by-name/efs
   Display_Name: EFS
   Storage_Name: EFS
   Backup_Path: /efs
   Backup_Name: efs
   Backup_Display_Name: EFS
   Storage_Path: /efs
   Current_File_System: emmc
   Fstab_File_System: emmc
   Backup_Method: dd

/fsc |  | Size: 0MB
   Flags: Can_Be_Backed_Up Is_SubPartition 
   SubPartition_Of: /efs
   Primary_Block_Device: /dev/block/bootdevice/by-name/fsc
   Display_Name: fsc
   Storage_Name: fsc
   Backup_Path: /fsc
   Backup_Name: fsc
   Backup_Display_Name: fsc
   Storage_Path: /fsc
   Current_File_System: emmc
   Fstab_File_System: emmc
   Backup_Method: dd

/fsg |  | Size: 0MB
   Flags: Can_Be_Backed_Up Is_SubPartition 
   SubPartition_Of: /efs
   Primary_Block_Device: /dev/block/bootdevice/by-name/fsg
   Display_Name: fsg
   Storage_Name: fsg
   Backup_Path: /fsg
   Backup_Name: fsg
   Backup_Display_Name: fsg
   Storage_Path: /fsg
   Current_File_System: emmc
   Fstab_File_System: emmc
   Backup_Method: dd

/mnt/product/carrier |  | Size: 0MB Used: 0MB Free: 0MB Backup Size: 0MB
   Flags: Can_Be_Mounted Can_Be_Wiped 
   Primary_Block_Device: /dev/block/bootdevice/by-name/carrier
   Display_Name: carrier
   Storage_Name: carrier
   Backup_Path: /mnt/product/carrier
   Backup_Name: mnt/product/carrier
   Backup_Display_Name: carrier
   Storage_Path: /mnt/product/carrier
   Current_File_System: ext4
   Fstab_File_System: ext4
   Backup_Method: files

/mnt/product/els |  | Size: 0MB Used: 0MB Free: 0MB Backup Size: 0MB
   Flags: Can_Be_Mounted Can_Be_Wiped 
   Primary_Block_Device: /dev/block/bootdevice/by-name/els
   Display_Name: els
   Storage_Name: els
   Backup_Path: /mnt/product/els
   Backup_Name: mnt/product/els
   Backup_Display_Name: els
   Storage_Path: /mnt/product/els
   Current_File_System: ext4
   Fstab_File_System: ext4
   Backup_Method: files

/mnt/product/eri |  | Size: 0MB Used: 0MB Free: 0MB Backup Size: 0MB
   Flags: Can_Be_Mounted Can_Be_Wiped 
   Primary_Block_Device: /dev/block/bootdevice/by-name/eri
   Display_Name: eri
   Storage_Name: eri
   Backup_Path: /mnt/product/eri
   Backup_Name: mnt/product/eri
   Backup_Display_Name: eri
   Storage_Path: /mnt/product/eri
   Current_File_System: ext4
   Fstab_File_System: ext4
   Backup_Method: files

/mnt/product/persist-lg |  | Size: 0MB Used: 0MB Free: 0MB Backup Size: 0MB
   Flags: Can_Be_Mounted Can_Be_Wiped 
   Primary_Block_Device: /dev/block/bootdevice/by-name/p_persist_lg
   Display_Name: persist-lg
   Storage_Name: persist-lg
   Backup_Path: /mnt/product/persist-lg
   Backup_Name: mnt/product/persist-lg
   Backup_Display_Name: persist-lg
   Storage_Path: /mnt/product/persist-lg
   Current_File_System: ext4
   Fstab_File_System: ext4
   Backup_Method: files

/mnt/product/quality |  | Size: 0MB Used: 0MB Free: 0MB Backup Size: 0MB
   Flags: Can_Be_Mounted Can_Be_Wiped 
   Primary_Block_Device: /dev/block/bootdevice/by-name/operatorlogging
   Display_Name: quality
   Storage_Name: quality
   Backup_Path: /mnt/product/quality
   Backup_Name: mnt/product/quality
   Backup_Display_Name: quality
   Storage_Path: /mnt/product/quality
   Current_File_System: ext4
   Fstab_File_System: ext4
   Backup_Method: files

/mnt/vendor/absolute |  | Size: 0MB Used: 0MB Free: 0MB Backup Size: 0MB
   Flags: Can_Be_Mounted Can_Be_Wiped 
   Primary_Block_Device: /dev/block/bootdevice/by-name/persdata
   Display_Name: absolute
   Storage_Name: absolute
   Backup_Path: /mnt/vendor/absolute
   Backup_Name: mnt/vendor/absolute
   Backup_Display_Name: absolute
   Storage_Path: /mnt/vendor/absolute
   Current_File_System: ext4
   Fstab_File_System: ext4
   Backup_Method: files

/mnt/vendor/persist-lg |  | Size: 0MB Used: 0MB Free: 0MB Backup Size: 0MB
   Flags: Can_Be_Mounted Can_Be_Wiped 
   Primary_Block_Device: /dev/block/bootdevice/by-name/drm
   Display_Name: persist-lg
   Storage_Name: persist-lg
   Backup_Path: /mnt/vendor/persist-lg
   Backup_Name: mnt/vendor/persist-lg
   Backup_Display_Name: persist-lg
   Storage_Path: /mnt/vendor/persist-lg
   Current_File_System: ext4
   Fstab_File_System: ext4
   Backup_Method: files

/modem |  | Size: 0MB
   Flags: Can_Be_Backed_Up Is_SubPartition SlotSelect 
   SubPartition_Of: /efs
   Primary_Block_Device: /dev/block/bootdevice/by-name/modem
   Display_Name: modem
   Storage_Name: modem
   Backup_Path: /modem
   Backup_Name: modem
   Backup_Display_Name: modem
   Storage_Path: /modem
   Current_File_System: emmc
   Fstab_File_System: emmc
   Backup_Method: dd

/modemst1 |  | Size: 0MB
   Flags: Can_Be_Backed_Up Is_SubPartition 
   SubPartition_Of: /efs
   Primary_Block_Device: /dev/block/bootdevice/by-name/modemst1
   Display_Name: modemst1
   Storage_Name: modemst1
   Backup_Path: /modemst1
   Backup_Name: modemst1
   Backup_Display_Name: modemst1
   Storage_Path: /modemst1
   Current_File_System: emmc
   Fstab_File_System: emmc
   Backup_Method: dd

/modemst2 |  | Size: 0MB
   Flags: Can_Be_Backed_Up Is_SubPartition 
   SubPartition_Of: /efs
   Primary_Block_Device: /dev/block/bootdevice/by-name/modemst2
   Display_Name: modemst2
   Storage_Name: modemst2
   Backup_Path: /modemst2
   Backup_Name: modemst2
   Backup_Display_Name: modemst2
   Storage_Path: /modemst2
   Current_File_System: emmc
   Fstab_File_System: emmc
   Backup_Method: dd

/persist |  | Size: 0MB Used: 0MB Free: 0MB Backup Size: 0MB
   Flags: Can_Be_Mounted Can_Be_Wiped Can_Be_Backed_Up 
   Primary_Block_Device: /dev/block/bootdevice/by-name/persist
   Display_Name: Persist
   Storage_Name: Persist
   Backup_Path: /persist
   Backup_Name: persist
   Backup_Display_Name: Persist
   Storage_Path: /persist
   Current_File_System: ext4
   Fstab_File_System: ext4
   Backup_Method: files

/persist_image |  | Size: 0MB
   Flags: Can_Be_Backed_Up Can_Flash_Img 
   Primary_Block_Device: /dev/block/bootdevice/by-name/persist
   Display_Name: Persist Image
   Storage_Name: Persist Image
   Backup_Path: /persist_image
   Backup_Name: persist_image
   Backup_Display_Name: Persist Image
   Storage_Path: /persist_image
   Current_File_System: emmc
   Fstab_File_System: emmc
   Backup_Method: dd

/usb_otg | /dev/block/sdg1 | Size: 0MB Used: 0MB Free: 0MB Backup Size: 0MB
   Flags: Can_Be_Mounted Can_Be_Wiped Wipe_Available_in_GUI Removable IsPresent Is_Storage 
   Primary_Block_Device: /dev/block/sdg1
   Display_Name: USB-Storage
   Storage_Name: USB-Storage
   Backup_Path: /usb_otg
   Backup_Name: usb_otg
   Backup_Display_Name: USB-Storage
   Storage_Path: /usb_otg
   Current_File_System: vfat
   Fstab_File_System: vfat
   Backup_Method: files
   MTP_Storage_ID: 65538

/vbmeta |  | Size: 0MB
   Flags: SlotSelect 
   Primary_Block_Device: /dev/block/bootdevice/by-name/vbmeta
   Display_Name: Vbmeta Image"flashimg=1
   Storage_Name: Vbmeta Image"flashimg=1
   Backup_Path: /vbmeta
   Backup_Name: vbmeta
   Backup_Display_Name: Vbmeta Image"flashimg=1
   Storage_Path: /vbmeta
   Current_File_System: emmc
   Fstab_File_System: emmc
   Backup_Method: dd

/data |  | Size: 0MB Used: 0MB Free: 0MB Backup Size: 0MB
   Flags: Can_Be_Mounted Can_Be_Wiped Can_Be_Backed_Up Wipe_During_Factory_Reset Wipe_Available_in_GUI Can_Be_Encrypted Can_Encrypt_Backup Use_Userdata_Encryption 
   Primary_Block_Device: /dev/block/bootdevice/by-name/userdata
   Display_Name: Data
   Storage_Name: Data
   Backup_Path: /data
   Backup_Name: data
   Backup_Display_Name: Data
   Storage_Path: /data
   Current_File_System: ext4
   Fstab_File_System: ext4
   Backup_Method: files
   Mount_Flags: 1030, Mount_Options: barrier=1,noauto_da_alloc

I:TWFunc::Fixup_Time: Pre-fix date and time: 1970-03-13--13-29-18
I:TWFunc::Fixup_Time: Setting time offset from file /sys/class/rtc/rtc0/since_epoch
I:TWFunc::Fixup_Time: will attempt to use the ats files now.
I:Unable to mount '/data'
I:Actual block device: '', current file system: 'ext4'
I:Unable to mount '/cache'
I:Actual block device: '', current file system: 'ext4'
I:Failed to mount /cache/ for TWFunc::Update_Log_File
I:Recreating /cache/recovery/ folder.
I:Unable to mount '/cache'
I:Actual block device: '', current file system: 'ext4'
I:Unable to mount '/cache'
I:Actual block device: '', current file system: 'ext4'
I:Path /cache/recovery/log.gz does not exist. Unable to copy file to /cache/recovery/last_log.gz
I:Unable to mount '/cache'
I:Actual block device: '', current file system: 'ext4'
I:Unable to mount '/cache'
I:Actual block device: '', current file system: 'ext4'
I:Unable to mount '/sdcard'
I:Actual block device: '', current file system: 'vfat'
I:Unable to mount '/sdcard'
I:Actual block device: '', current file system: 'vfat'
Unable to mount /sdcard/.foxs
I:Attempt to load settings from settings file...
I:InfoManager file '/sdcard/.foxs' not found.
I:Backup folder set to '/sdcard/Fox/BACKUPS/LMG820EMW62f06589'
I:Unable to mount '/cache'
I:Actual block device: '', current file system: 'ext4'
I:Unable to mount '' to write version number.
I:Unable to mount '/sdcard'
I:Actual block device: '', current file system: 'vfat'
I:Can't probe device /dev/block/sdg1
I:Unable to mount '/usb_otg'
I:Actual block device: '/dev/block/sdg1', current file system: 'vfat'
I:TWFunc::Set_Brightness: Setting brightness control to 155
I:PassBak: Loaded backup
--------------------------
Welcome to OrangeFox Recovery!
[Platform]  : alphalm
[Release]   : 25.03.28
[Variant]   : G8
[Codebase]  : 32, 2025-02-19 (e35077e2)
[Build date]: Fri Mar 28 11:07:13 2025
[Build type]: Unofficial
[Support]   : No official support for unknown builds

OrangeFox websites:
[Downloads] : https://orangefox.download/
[Guides/FAQ]: https://wiki.orangefox.tech/guides/
I: [MIUI-specific features not enabled]
--------------------------
I:DEBUG: OrangeFox: the startup script has been executed.
I:Failed to mount '/system_root' (Invalid argument)
I:Actual block device: '', current file system: 'ext4'
I:Failed to mount '/system_root' (Invalid argument)
I:Actual block device: '', current file system: 'ext4'
* Storage is not encrypted
* Device:     alphalm (alphalm)
* Dynamic:    no
* Boot slot:  _a
* Virtual_AB: yes
I:Failed to mount '/system_root' (Invalid argument)
I:Actual block device: '', current file system: 'ext4'
I:Failed to mount '/system_root' (Invalid argument)
I:Actual block device: '', current file system: 'ext4'
I:Failed to mount '/system_root' (Invalid argument)
I:Actual block device: '', current file system: 'ext4'
I:Failed to mount '/system_root' (Invalid argument)
I:Actual block device: '', current file system: 'ext4'
* No ROM.
--------------------------
I:Failed to mount '/system_root' (Invalid argument)
I:Actual block device: '', current file system: 'ext4'
I:Failed to mount '/system_root' (Invalid argument)
I:Actual block device: '', current file system: 'ext4'
I:Failed to mount '/system_root' (Invalid argument)
I:Actual block device: '', current file system: 'ext4'
I:Failed to mount '/system_root' (Invalid argument)
I:Actual block device: '', current file system: 'ext4'
I:ROM Status: Is not installed
I:Failed to mount '/cache' (Invalid argument)
I:Actual block device: '', current file system: 'ext4'
I:Themes version mismatch (old='0'; new='1.1')
I:Unable to mount '/system_root'
I:Actual block device: '', current file system: 'ext4'
I:Check_Lifetime_Writes failed to mount '/system_root'
I:Unable to mount '/cache'
I:Actual block device: '', current file system: 'ext4'
I:Failed to mount /cache/ for TWFunc::Update_Log_File
I:Unable to mount '/cache'
I:Actual block device: '', current file system: 'ext4'
I:Unable to mount '/cache'
I:Actual block device: '', current file system: 'ext4'
I:Unable to mount '/cache'
I:Actual block device: '', current file system: 'ext4'
I:Unable to mount '/cache'
I:Actual block device: '', current file system: 'ext4'
I:PassBak: Loaded backup
I:Starting Adb Backup FIFO
I:PageManager::LoadFileToBuffer loading filename: '/twres/languages/zh_CN.xml' directly
E:Unable to load '/twres/languages/zh_CN.xml'
I:Translating partition display names
I:Backup folder set to '/sdcard/Fox/BACKUPS/LMG820EMW62f06589'
I:Switching packages (OrangeFox)
I:Set page: 'main'
I:Set overlay: ''
I:Set page: 'clear_vars'
I:Set page: 'navbar'
I:Set page: 'filemanagerlist'
I:Cannot find file /sys/class/timed_output/vibrator/enable
I:Set page: 'restore'
I:Set page: 'restore_prep'
I:Cannot find file /sys/class/timed_output/vibrator/enable
I:Set page: 'advanced'
I:Cannot find file /sys/class/timed_output/vibrator/enable
I:Cannot find file /sys/class/timed_output/vibrator/enable
I:Set page: 'filemanagerlist'
I:Set page: 'filemanagerlist'
I:Cannot find file /sys/class/timed_output/vibrator/enable
I:Cannot find file /sys/class/timed_output/vibrator/enable
I:Set overlay: 'console'
I:TWFunc::Set_Brightness: Setting brightness control to 5
I:TWFunc::Set_Brightness: Setting brightness control to 0
Atomic Commit succeedAtomic Commit succeedI:TWFunc::Set_Brightness: Setting brightness control to 155
I:Cannot find file /sys/class/timed_output/vibrator/enable
I:Set overlay: ''
